<?xml version="1.0" encoding="UTF-8"?>
<testng-results skipped="0" failed="0" total="1" passed="1">
  <reporter-output>
  </reporter-output>
  <suite name="Command line suite" duration-ms="18" started-at="2014-03-26T05:21:25Z" finished-at="2014-03-26T05:21:25Z">
    <groups>
    </groups>
    <test name="Command line test" duration-ms="18" started-at="2014-03-26T05:21:25Z" finished-at="2014-03-26T05:21:25Z">
      <class name="by.buglak.tests.Test1">
        <test-method status="PASS" signature="test1()[pri:0, instance:by.buglak.tests.Test1@3ad22707]" name="test1" duration-ms="8" started-at="2014-03-26T08:21:25Z" finished-at="2014-03-26T08:21:25Z">
          <reporter-output>
          </reporter-output>
        </test-method> <!-- test1 -->
      </class> <!-- by.buglak.tests.Test1 -->
    </test> <!-- Command line test -->
  </suite> <!-- Command line suite -->
</testng-results>
